Arguments: 
  C:\Program Files\nodejs\node.exe C:\Users\hugo\AppData\Roaming\npm\node_modules\yarn\bin\yarn.js install

PATH: 
  C:\Program Files\nodejs;C:\Users\hugo\AppData\Local\Programs\Python\Python35-32\Scripts\;C:\Users\hugo\AppData\Local\Programs\Python\Python35-32\;C:\Users\hugo\AppData\Local\Programs\Microsoft VS Code\bin;C:\Program Files\Dart\dart-sdk\bin;C:\flutter\bin;C:\Users\hugo\AppData\Roaming\Composer\vendor\bin;C:\Users\hugo\AppData\Roaming\npm;C:\Users\hugo\AppData\Local\Android\Sdk\platform-tools;C:\Program Files\Java\jdk-15.0.1\bin;C:\Program Files\MongoDB\Server\4.2\bin;c:\Windows\System32;C:\Program Files\Git\bin;C:\Program Files\Git\cmd;c:\Windows\System32\WindowsPowerShell\v1.0;C:\Program Files\dotnet\;C:\Program Files\Microsoft SQL Server\130\Tools\Binn\;C:\Program Files (x86)\Microsoft SQL Server\150\DTS\Binn\;C:\Program Files\Azure Data Studio\bin;C:\Program Files\nodejs;C:\Users\hugo\AppData\Local\Programs\Python\Python35-32\Scripts\;C:\Users\hugo\AppData\Local\Programs\Python\Python35-32\;C:\Users\hugo\AppData\Local\Programs\Microsoft VS Code\bin;C:\Program Files\Dart\dart-sdk\bin;C:\flutter\bin;C:\Users\hugo\AppData\Roaming\Composer\vendor\bin;C:\Users\hugo\AppData\Roaming\npm;C:\Users\hugo\AppData\Local\Android\Sdk\platform-tools;C:\Program Files\Java\jdk-15.0.1\bin;C:\Program Files\MongoDB\Server\4.2\bin;C:\Program Files\Git\bin;C:\Users\hugo\.dotnet\tools;C:\Program Files\Azure Data Studio\bin;C:\Users\hugo\AppData\Local\GitHubDesktop\bin

Yarn version: 
  1.22.10

Node version: 
  14.15.4

Platform: 
  win32 x64

Trace: 
  Error: https://github.com/expo/react-native/archive/sdk-40.0.1.tar.gz: ESOCKETTIMEDOUT
      at ClientRequest.<anonymous> (C:\Users\hugo\AppData\Roaming\npm\node_modules\yarn\lib\cli.js:141289:19)
      at Object.onceWrapper (events.js:421:28)
      at ClientRequest.emit (events.js:315:20)
      at TLSSocket.emitRequestTimeout (_http_client.js:784:9)
      at Object.onceWrapper (events.js:421:28)
      at TLSSocket.emit (events.js:327:22)
      at TLSSocket.Socket._onTimeout (net.js:483:8)
      at listOnTimeout (internal/timers.js:554:17)
      at processTimers (internal/timers.js:497:7)

npm manifest: 
  {
    "main": "node_modules/expo/AppEntry.js",
    "scripts": {
      "start": "expo start",
      "android": "expo start --android",
      "ios": "expo start --ios",
      "web": "expo start --web",
      "eject": "expo eject"
    },
    "dependencies": {
      "expo": "~40.0.0",
      "expo-status-bar": "~1.0.3",
      "react": "16.13.1",
      "react-dom": "16.13.1",
      "react-native": "https://github.com/expo/react-native/archive/sdk-40.0.1.tar.gz",
      "react-native-web": "~0.13.12"
    },
    "devDependencies": {
      "@babel/core": "^7.9.0"
    },
    "private": true
  }

yarn manifest: 
  No manifest

Lockfile: 
  No lockfile
